500
0 8567 2438 3994 6933 8045 9432 4291 2299 655 9800 1638 
1 4583 9165 9362 8501 8740 9796 9611 9257 5468 6639 
2 3487 2258 6238 7745 9186 4835 3084 6221 8263 72 4757 726 
3 2750 3203 9035 7810 9225 4602 3598 5172 1077 9529 2416 397 4531 6613 6134 
4 2089 5913 3591 3289 943 5581 1876 9305 2434 1652 5105 1668 5962 2555 
5 1275 7830 3348 243 7270 2024 7348 1308 3072 2781 9931 5748 4326 
6 6411 7531 6848 5847 5716 4681 7076 5679 9633 8121 3936 5848 7438 
7 6299 3952 7229 5208 5937 6481 3485 5527 7056 518 6049 
8 9618 5217 3847 7118 4197 7945 4782 3115 6892 2540 2161 3950 2304 3144 
9 1751 7515 1742 8675 6308 7443 2749 5709 1276 6516 601 4971 6584 3728 
10 587 9408 8745 5354 3382 8280 7093 4932 4692 6625 
11 8213 2564 8264 6999 1918 6526 8972 6640 9268 9652 9837 1846 3283 9719 7367 3543 
12 532 501 6901 2887 8570 592 8225 9984 6191 4542 8007 8702 2900 2198 8284 
13 8453 6299 6656 728 4500 5907 9192 9569 5045 8040 4087 4850 3051 8722 4168 541 4027 2986 7709 
14 191 5282 1518 8117 6284 6048 1313 5825 6270 5543 5656 3331 8043 9270 925 
15 481 6891 5521 8088 7220 7344 7613 9348 4764 4736 863 139 5902 7732 8994 
16 9067 4363 5881 5441 2509 8459 9725 6691 1465 5401 1979 
17 8090 4721 8141 5075 5943 5904 9788 8132 1525 6197 9666 
18 80 1419 8277 4331 4653 3188 6230 9284 3038 4739 254 867 
19 5521 7385 36 7957 6204 4550 1331 3446 6331 6967 
20 4668 7008 3650 3874 2741 877 7612 2727 5257 1209 7425 9027 8484 
21 8190 4848 9906 3896 3108 7568 8511 1036 3603 4571 5768 4700 8210 9299 569 
22 4837 3421 7778 3650 6707 9690 1708 4141 9309 7899 6538 
23 1744 8942 6597 2821 9543 3443 2721 5611 5113 9713 8293 8387 
24 1146 918 903 1119 2982 7128 1022 4611 1339 5030 7369 6327 1534 
25 9028 1757 6663 2073 1506 7775 4209 4552 6024 1746 5199 6753 3961 
26 7854 9294 6087 1489 5787 5766 87 2561 5332 1249 545 9545 
27 806 2770 8860 2107 3714 7248 2964 1796 5335 100 362 1739 420 745 
28 9576 691 7680 9638 4147 9527 2210 212 3275 3553 6963 7694 5868 3999 8557 2060 3371 9244 
29 3891 4343 9646 4022 702 3638 7461 8551 2545 1362 3843 8309 6184 7347 5064 4314 
30 7768 3098 1963 912 2664 5309 9787 4284 4863 5023 4712 8619 61 7992 5848 
31 7549 6805 8198 5303 6007 7489 1435 739 6668 8523 3410 6744 7949 
32 6008 7546 773 7002 7427 2402 5518 6391 4314 2904 3982 
33 4247 4007 5744 4961 2727 6831 2785 2342 5157 9273 2047 3111 9404 4020 
34 2251 9201 9429 6043 128 2950 8508 6987 836 467 7234 8880 7852 3103 
35 8605 3152 9133 5708 3388 6675 3721 718 1777 3854 7073 4449 6734 1238 
36 8073 6064 1492 387 4242 331 6709 5873 8425 2454 4326 
37 1470 7840 9482 2259 7947 6722 8341 6638 5838 8439 8049 1552 3432 8293 1979 
38 3558 5810 9730 9484 4500 2033 5371 5181 5647 307 8097 145 9852 6054 
39 6940 8021 2520 2719 1537 2566 9155 6122 8098 6650 5239 1934 2240 
40 2865 9094 6612 7263 8030 2970 123 4908 6818 8132 9826 5454 6460 7033 9050 5458 
41 591 3300 4249 6330 997 5017 9370 9379 1830 473 9593 9493 6470 76 
42 7207 3698 9549 7560 6881 6690 3796 8734 8272 3278 1032 2422 4199 
43 9471 4918 4098 7321 2007 4906 5980 4218 4983 4629 1183 4784 8688 5849 2569 3232 979 
44 6471 8869 4394 9904 5731 3796 8230 5509 8167 6809 7057 6584 
45 3660 641 5291 1845 6617 5592 306 4541 9859 6025 6899 8528 9444 8830 
46 390 1811 6935 7912 2066 6893 942 5430 5852 9973 3621 4110 3236 1125 
47 4887 7121 7170 4235 7330 6816 9924 5879 4179 9407 5445 
48 7985 9369 2731 4458 3162 961 9804 9310 6022 4373 9125 2630 8193 2643 
49 9422 1432 766 2494 9762 7405 9384 6104 8918 3562 1307 2735 7413 4314 
50 7961 7272 4304 1848 1267 549 3016 772 6235 1486 6997 7710 259 
51 7743 2949 6361 3076 7290 269 353 6704 9947 2680 2693 5912 5038 148 8910 6938 
52 4620 4186 2235 8444 6703 7375 3425 1182 1117 199 
53 9046 1370 3356 6886 3573 5202 6247 9308 7853 6163 9023 7179 1429 
54 334 1972 7032 7801 8390 8648 166 5336 3819 9908 221 6482 
55 3893 5696 6045 4913 6826 5669 7766 9911 700 702 9523 9885 278 4824 
56 5103 1257 3693 2657 516 8757 430 339 8167 9091 3583 2752 7240 9533 
57 7358 9954 4667 273 3808 9830 5010 1084 2985 751 8890 2318 8431 9199 
58 4832 9809 3609 7327 5920 1574 4618 5875 7701 3967 2605 5113 2322 3830 
59 389 2009 9679 674 3134 1619 9349 6632 4371 253 7016 5349 5902 
60 8215 9529 5537 3851 5730 5575 4372 7753 5074 7234 
61 2512 833 2054 3227 4051 9340 1093 8610 2701 1696 9840 8259 6095 8920 4314 
62 7918 6190 6439 2249 9863 7340 6667 8921 8700 3937 4367 
63 8475 4904 402 1298 9521 2486 3177 3514 8632 5162 1364 4210 4342 2704 7880 9842 5340 
64 8158 1660 7719 5738 7045 9616 6146 2369 4530 5008 5054 8105 
65 2691 4177 4290 889 8823 1301 7457 5281 6554 9792 9463 4928 
66 5631 7355 2747 6705 9122 1467 8817 8772 5560 324 8473 3841 3827 673 5948 
67 8542 3514 760 2647 8725 9790 633 5153 8289 8677 2652 3836 7652 
68 1324 1584 3719 4201 4155 4245 9143 1568 4720 7068 176 8498 7240 
69 6728 7184 3972 510 2142 8117 237 3787 6908 6831 4959 1353 
70 1598 7898 1082 4348 3025 3099 4042 434 3494 7981 3381 8854 767 6855 
71 4082 1541 2839 1346 7067 515 48 6909 7941 977 6020 7285 
72 7375 4725 1184 1012 5066 6594 9812 2072 9717 9990 6030 
73 5456 6533 9591 2488 4187 142 8736 6137 2203 2355 2568 9989 8105 
74 1966 8750 8646 4181 7341 7843 3036 6373 9223 9070 1528 8696 
75 3406 8743 637 2531 271 6795 4174 3741 1322 9368 3060 6750 3077 
76 7050 7451 525 9114 3862 8401 9971 765 5985 6297 3843 2252 6320 9025 4539 4282 3158 7179 3543 2240 
77 4120 6684 4952 6033 5292 1564 4645 6996 6634 3742 9191 4027 
78 1604 900 9447 426 9300 9763 5127 3397 9277 5448 1534 
79 2522 1684 5131 8461 8674 1151 2519 9379 2778 5258 9124 5917 
80 1712 3156 4192 9476 3533 8033 639 9383 6739 2218 1725 5451 4607 7786 1852 9604 4104 5359 8716 
81 9745 4093 4991 1688 5595 378 2977 5944 6982 3405 2345 1457 7456 2414 6827 
82 8768 5452 2011 2620 8434 5719 3151 3028 2543 4129 
83 3413 3222 8416 1505 6120 4840 1436 3772 5021 2728 2093 2598 5474 2437 7296 
84 4123 6622 5271 5139 5197 5004 9401 3360 7925 4672 8503 2866 7575 
85 7515 6009 4315 6655 517 9636 7554 5714 9922 3717 3364 2875 
86 4462 6126 631 303 1657 1455 7735 9983 2286 5882 4231 8934 9615 8599 
87 7549 8618 6937 4760 8029 8728 9391 109 8643 7495 4779 2702 8771 9426 8814 7202 6347 9444 4199 7438 
88 9708 8013 9879 997 9874 9493 6916 9434 615 8072 5862 
89 2497 6054 9676 9235 1940 2468 8164 966 2777 3133 7744 9385 2439 3053 1125 
90 373 9792 6596 8623 3384 1773 3744 1945 6674 4842 4558 3320 
91 6799 3166 4899 778 5505 5355 6255 2874 8611 7274 5138 7622 8043 116 4985 
92 3940 3375 5036 8804 3826 5314 7230 247 101 5889 5248 
93 8654 1930 5800 4564 5905 6041 2963 7541 7770 5655 1161 6931 2480 7699 5412 
94 1700 9154 9413 4380 5554 4605 3151 6427 7751 9086 2666 
95 3626 1792 1127 9782 8464 3208 7000 5678 6699 2277 5326 6030 
96 632 8738 1999 6926 5262 3325 5831 419 3286 1948 8386 5445 
97 8353 1683 428 5556 5044 4846 8714 3506 4521 8667 5156 3371 
98 1427 2523 6764 7300 531 6808 7945 6189 7036 9010 3812 4034 4362 7153 
99 7828 1603 6846 172 9009 3341 4694 5804 2340 
100 8941 8011 436 6801 386 8168 4662 7286 3362 8885 3905 569 
101 3175 9146 2331 7408 7952 3655 2200 9829 7797 2275 1780 4362 
102 9680 9881 6263 9957 6714 6009 6912 2579 1968 6197 6924 6141 
103 7951 8082 869 2903 9459 4578 3094 2711 3208 8700 2611 3077 5437 
104 1147 6031 313 4097 2082 2251 9771 2576 4698 2071 5112 6978 1383 
105 760 5884 9040 7228 8170 3330 4126 8770 2696 6608 2628 1865 3648 4493 3842 117 8797 7285 7429 4893 4004 1145 6101 6613 
106 1126 69 1507 6742 9329 5805 5250 9514 4100 9374 
107 39 5316 6786 8064 2924 2947 7973 4683 3911 1426 9029 5836 8053 2156 7199 9349 8830 9139 
108 4655 3910 9610 3853 6840 3939 1460 9661 7529 3808 3539 9467 8134 
109 3727 7867 1340 6957 9857 2464 4495 8889 3306 7535 9107 7219 
110 3017 8764 6773 8821 680 3002 7887 4579 137 1657 2615 5446 3144 
111 5953 7091 8911 9189 9109 2965 7662 2840 684 4587 6836 7234 3032 
112 7947 5990 7944 5203 624 6808 6860 3771 3263 2132 3923 132 2121 7732 5748 9129 
113 429 2881 3549 491 4226 9999 3331 2460 9206 2186 9995 9139 
114 6017 9099 6866 2083 7103 7594 4402 30 7834 7634 6635 
115 4809 7608 926 9866 8265 3605 4405 7497 1658 4442 7055 8134 
116 1191 3671 5166 3670 5653 8646 9992 1235 5399 604 4520 6074 1904 5064 
117 1336 583 847 8786 6554 468 8493 5115 2979 5386 6338 8424 7734 2730 2003 5295 1982 7498 7193 8431 9842 8134 
118 8324 6165 4826 1544 2718 2329 1323 9955 6450 5264 1265 1496 3144 
119 3817 7940 2660 5636 1330 2492 3895 6332 4417 8272 1877 409 1025 7845 2615 8644 
120 1156 7543 5792 1961 799 6942 776 7491 3810 8847 6727 6034 9688 8396 3376 8491 
121 769 6117 6389 4504 9226 3740 9179 2036 4938 3341 5035 2577 
122 4992 2655 3815 9586 953 5530 6574 564 4839 8342 3689 8445 7575 
123 916 8350 4086 2002 699 5296 1817 1884 7381 5926 5892 1043 2182 4801 
124 8437 268 7958 3307 4316 5529 4802 4135 4979 1780 3740 971 8135 352 
125 6950 2466 8650 5867 6995 8061 7273 7159 1923 5673 503 3363 
126 4964 5751 2961 6094 5590 3952 2862 4941 7812 8930 
127 8766 9626 9111 244 9469 4568 7656 3151 2517 8927 4071 4170 8134 7883 
128 3713 1815 5016 5888 5770 6854 7238 8546 8729 1117 
129 7249 4640 8627 8194 9141 4816 5245 1473 3206 8583 7480 1176 8193 
130 3699 3863 9642 7651 1203 2400 6129 6758 2194 3566 8902 5069 3885 
131 7010 4155 9553 1293 4220 9893 6468 4393 9435 6120 4493 7622 9265 
132 4987 3351 6345 7850 347 6928 7082 2972 1583 5596 8315 6817 5677 
133 2105 4798 8635 3156 6614 1666 1219 6368 7377 7319 5553 8724 5996 1871 9848 
134 9776 6869 2942 9907 9977 771 7027 4483 4853 1208 1240 7679 7204 4377 
135 2059 3046 8624 9358 3833 3150 1592 7164 4002 2320 6415 9256 3877 7153 4855 
136 6560 5749 9316 5220 3217 7213 7013 6619 6377 2420 6732 218 7672 148 3877 
137 8961 310 7771 8137 5619 6118 5070 6539 5958 5388 8752 6293 6254 7786 1774 
138 6607 2800 664 8034 1143 736 35 3547 9822 1256 
139 5725 811 1224 2959 9231 1832 3182 8558 9330 3354 6692 
140 5011 2287 8850 5196 6845 3638 8521 5889 1707 1956 
141 4573 5854 6781 1681 8186 283 4145 2086 1367 1329 4670 3665 4967 2121 
142 8100 6116 8585 2542 2006 3899 6180 705 506 1776 9545 
143 3132 7611 3199 7978 4549 9113 515 2590 9034 8739 3840 9483 
144 9651 4555 4574 6125 4489 2939 9494 326 6989 6248 108 9014 
145 4017 3418 9106 7382 508 8385 5786 2508 1969 1587 8693 7053 
146 3730 9876 8997 294 4384 8410 4289 6446 3452 5219 
147 3482 5037 1352 2660 9273 1491 6645 5514 1966 6702 2433 8944 4946 2298 2643 
148 2879 2671 3015 9785 9072 6502 7498 3946 9163 3647 1796 7153 2 
149 3604 1769 235 6883 1411 491 9436 3954 7654 8342 2247 2897 5418 5997 8462 838 
150 976 6290 7187 1141 3239 8149 5843 3928 8046 6543 6851 606 9970 1534 
151 9243 500 3912 4178 9534 7639 3488 2796 3192 719 
152 7904 2228 7500 6762 9640 876 7510 4324 6011 1562 7499 7452 1554 5449 9996 6909 7742 6731 1429 
153 2279 4732 1946 7186 6268 1980 8750 4555 5483 1731 
154 8059 6803 9097 4696 4563 5391 962 1 7526 1651 3125 3103 
155 6640 7893 3658 4216 958 2928 9416 3484 1957 7097 8809 550 1868 6537 
156 7925 6592 1097 6905 364 5565 3494 7380 9508 5642 5933 4377 5445 
157 2157 8936 4161 8236 3565 2256 7291 6586 6950 5282 7183 8533 5543 9224 
158 1806 59 5227 146 3292 7892 7799 4895 8408 3936 3012 5437 
159 9714 2880 4854 2656 3530 8851 6063 7241 1864 7605 
160 3988 8773 6266 2231 4393 3324 252 8990 4488 3342 4467 4063 7318 2927 3377 2986 
161 2160 7922 8483 6385 3865 7343 1417 2936 1789 4777 2559 8406 353 4622 3700 5339 6547 7756 7652 2407 4855 
162 5191 4525 4874 4325 5699 2914 5182 2776 2801 1538 9160 
163 9103 5874 6316 8214 7973 7386 9383 9657 1081 9456 7790 
164 6925 2825 9520 2830 1637 6577 7415 8626 1337 8775 
165 6901 5243 3610 5641 2672 9875 9135 5793 6127 2047 9219 7511 9848 
166 26 4658 9458 9584 2397 8638 618 323 9431 170 1098 9023 4901 
167 3148 3592 4857 8952 2331 6378 3800 4687 2883 9260 9139 
168 9246 8915 8735 8658 1646 5744 3945 3469 5107 485 8978 780 1774 
169 6832 2717 7253 1450 312 1030 309 6716 2377 7374 4385 9075 
170 8366 5905 4085 3667 6834 3746 3391 3637 4925 2418 2005 8599 3982 
171 1155 4775 1997 5672 4969 9910 6088 5352 1691 1289 
172 3252 3052 3578 974 7602 9130 7089 1643 3640 9433 9505 3533 1534 
173 6183 7137 6309 1797 6620 3676 5002 2597 5974 3958 8618 6833 6611 
174 9506 687 2784 5615 6249 3373 809 7740 1214 7205 956 9548 5086 3481 3243 6082 
175 4599 8448 3822 1866 3197 9701 8636 5310 5701 3007 2615 321 
176 5812 7960 2644 9354 5975 5583 8107 9112 8796 1590 6356 7365 9391 1542 3316 
177 1639 964 9335 2616 2366 1403 1865 957 1540 7361 2812 4898 9008 
178 9941 2703 3257 6829 6776 9161 7174 1869 4664 
179 9961 9455 1565 6868 6148 7486 1628 9674 9411 4789 8155 4828 2607 6672 5715 
180 667 8881 4726 299 9829 7332 650 4589 3961 9628 4861 8790 2423 2018 4664 
181 7862 3456 4090 8969 5439 7764 4188 8492 3149 4937 5315 9933 
182 9698 483 6185 7158 9893 3003 2759 4924 6985 1375 
183 7449 1786 4497 4052 5613 193 4544 2843 251 7360 6250 
184 4397 966 5443 6244 7626 6167 2043 4325 768 3211 7400 1056 3254 1710 3074 
185 6173 1806 7706 8778 9717 4194 8782 7292 1183 5187 5563 609 2972 860 7938 2114 
186 5601 493 4081 3720 6218 6718 5609 6269 4685 5410 6131 6810 9312 6414 9659 3074 7699 
187 3136 8072 5075 8526 5727 8356 2473 3868 4529 782 
188 3265 7391 9895 7587 4017 3716 1466 7640 8558 6216 9731 2240 2986 
189 4781 4088 2371 5876 32 8393 8666 5662 4755 2164 5337 5896 6352 7162 5848 
190 1073 3662 8089 1222 8147 8148 6 3957 2633 2041 4544 6276 4107 
191 9915 7701 4383 6350 2953 9738 8039 4636 
192 9766 3683 7667 4805 7409 1729 1440 4479 4438 3801 6296 935 
193 8127 6081 9200 3219 5541 2206 859 1432 9959 5158 7055 4340 9197 
194 2665 6642 3252 1823 9988 4614 4917 2934 9746 7244 3883 7116 2958 367 1058 8212 1979 
195 8945 4369 5268 8203 5188 5422 3405 9293 9233 5261 6913 4054 7047 8300 7001 8193 
196 9486 1424 7501 555 8815 8050 530 1361 9222 171 148 
197 2687 9935 3857 4909 7453 832 2258 1348 6433 7049 6920 5869 8125 
198 4944 6752 8988 5473 3143 9584 4228 2228 5233 7641 9478 319 1105 
199 573 2194 1092 5839 7722 8744 6633 2472 4250 3080 1363 5322 
200 5208 1629 2465 7062 9297 7962 670 5008 4708 8661 7333 6827 79 
201 911 4532 9487 2353 9217 2124 715 6380 3318 1927 949 2475 7133 9007 
202 3711 8719 110 4661 5075 3923 4949 3716 7242 1890 6387 5331 989 1569 1150 4035 
203 2330 4173 5817 9466 8717 3515 1404 1522 1943 5658 4470 5979 9453 
204 315 1795 8659 4819 1553 4381 8488 8793 8037 5802 1722 4507 5014 7949 
205 7529 4994 2489 4604 8964 5418 7767 1294 9670 9605 3493 3990 5111 4350 3316 8125 
206 4278 4274 8922 4463 5497 1264 8540 7521 2192 8587 1181 4429 5771 5773 7328 6775 2929 5752 3877 
207 548 2521 4023 9936 289 6392 302 8652 3916 3908 1042 
208 1052 6379 4939 1483 9018 1179 3461 5958 5533 9453 
209 8676 9232 6176 2624 1462 2649 2763 4303 7403 1585 6485 8423 352 
210 5262 2550 1114 2354 6917 7891 7661 5834 3753 4765 
211 6624 9914 7394 8405 3245 4044 7196 8389 553 7615 7133 
212 1800 194 6267 4037 8351 5180 2594 5041 9897 4813 1829 5268 9842 
213 1631 2050 3078 6313 9137 3859 790 2995 5356 9706 7858 5771 8156 7737 6351 8325 8227 8812 
214 212 2208 2761 5136 3264 4159 941 815 7165 538 8983 4259 5457 4341 
215 7793 9426 6080 3205 3555 1140 4368 6700 7051 8174 901 2698 
216 3554 5841 216 2031 9184 3200 2613 6678 554 2930 2412 9775 
217 9440 4167 2098 9754 9318 1014 8327 3577 1837 3797 847 84 79 8491 
218 7404 5780 4823 5688 13 8824 8682 2516 4213 7881 7970 1965 5207 2982 2856 3602 2643 79 
219 2946 1867 9939 6656 474 7294 5478 485 6199 6050 3838 5472 6490 5507 5437 
220 150 9380 8529 7197 5206 4264 7048 1720 7570 7846 5328 3631 5404 4252 9903 6327 
221 8788 1521 5153 9271 748 5743 5120 9363 7510 5372 6001 
222 7181 3712 2096 2718 4975 2290 4980 8001 4970 3095 6899 9852 7883 
223 2031 4919 8139 9093 1656 4309 6780 4644 8180 8612 9802 7691 3781 9848 
224 1893 5073 5549 6626 7393 5301 9237 2421 7396 8863 7280 6070 2595 6465 1763 79 6101 
225 4838 7793 6822 705 2385 840 7673 8531 3308 7924 7802 247 4055 9139 9903 
226 6002 1699 160 8502 3297 5599 1357 8901 9780 1752 
227 4810 2174 692 107 3127 8460 209 1451 4628 8907 139 
228 7035 2575 1350 8346 144 7399 3313 237 8878 3251 8711 
229 3671 9022 5703 8094 3442 8262 4833 9482 5132 4079 8994 9270 6938 
230 4332 3695 9513 6398 197 4726 7201 2350 8634 6262 8495 9930 1105 
231 9045 8032 5916 9847 7075 3314 5729 9328 7572 8577 6808 1721 4679 
232 6144 3290 168 3282 8844 7357 5228 4920 656 1919 3441 8801 1859 4783 3113 2288 
233 7891 561 2860 4815 3047 8472 7748 2317 9172 7665 5509 9666 3541 
234 5298 2417 6957 6530 3850 4585 879 3407 1390 3486 1668 1343 
235 153 7218 1892 8452 8721 8449 9293 7043 4770 813 6201 2790 
236 8617 7175 8265 6581 3522 6357 3198 7627 6361 7553 7219 
237 4891 7512 2717 7366 9891 6823 4387 9887 8231 7513 6470 1524 
238 4543 6682 4233 9581 123 526 458 1180 9723 1889 6099 8248 
239 4754 667 2645 9855 4673 3632 8749 1064 8628 9993 
240 5319 7562 9382 7840 3340 646 2476 1230 7154 5462 9443 7266 
241 462 561 5402 7353 5608 2997 5578 5299 2216 7684 9669 
242 573 2138 3404 4630 8160 5632 4753 9451 3444 3250 138 9040 1625 
243 599 3278 9412 3046 4441 5155 2074 4356 3507 3287 382 5626 3500 8414 8912 3751 6153 8841 4765 
244 7789 2996 8091 5022 9938 6770 3493 4537 4091 2192 7618 5135 8936 108 6598 7178 9255 5194 4021 8848 5307 
245 9128 2205 3715 9944 4100 2344 63 2998 1723 688 1415 1979 
246 6382 4792 1896 4133 871 6658 1158 1302 1241 3092 1774 1625 5507 
247 8785 3336 6172 9315 4939 2275 9601 2617 9473 6312 9206 9834 
248 3616 7541 4028 6452 3010 3101 6688 7783 9437 8887 1799 8343 5458 9533 7438 
249 6858 6948 9371 1296 1315 7590 5034 5415 1371 3269 4804 6778 9075 
250 9450 7420 779 8133 3623 7815 4298 257 5706 304 5746 3789 6196 9453 8406 
251 4563 98 5308 8914 4676 8960 5390 6800 2165 3121 8428 135 4311 8125 
252 4140 1085 3305 7697 6556 7878 5726 8726 5499 4692 7311 5913 4077 9197 
253 7721 3564 3818 466 3353 6290 9288 7829 9774 6208 7895 3830 
254 38 7061 4894 3430 1089 1916 528 7325 7585 7380 3560 1991 8609 
255 1063 4591 3086 5287 2431 7009 1850 9371 2175 533 4448 9522 7325 457 8140 8685 745 4958 8406 
256 3350 2941 6426 3526 1508 5963 7440 1588 3673 8414 6672 6534 
257 1937 6169 3201 6375 240 8962 818 2729 8127 1305 8958 9480 4399 3163 3894 7864 4020 
258 6225 1650 9620 5995 1056 8562 9036 5931 261 9820 9780 2682 929 7621 267 
259 5986 5453 68 5695 3172 1758 5384 9694 1686 3273 7024 7012 
260 1413 7905 4132 2105 7769 1743 8940 478 6522 1663 5728 7105 4352 
261 9321 6793 3653 6181 7357 4222 4207 9283 4920 1973 1149 6044 6537 
262 6837 4666 2375 6457 7479 432 9716 5417 5427 4403 2396 6920 
263 7761 4040 6685 1882 8860 439 1276 8242 2834 5444 5637 862 405 8069 3427 450 6547 
264 9111 489 1794 4184 3157 282 9198 5037 368 5092 428 4844 8566 3728 
265 9729 2217 9136 1764 5061 1288 5510 4733 9367 2630 
266 5040 1689 7052 7005 1701 9793 4673 6926 3434 2837 3894 
267 5795 3174 3362 1789 8036 2272 9069 4852 5546 4461 9563 3476 1695 3113 6762 8418 6486 8512 2962 
268 6511 2382 4418 9062 4072 9890 5347 8956 9150 762 7141 7101 1624 7012 4728 
269 6563 4182 915 8067 1212 9188 6023 2799 3299 1813 9259 2085 9731 
270 909 8826 3387 3159 8427 7564 4600 8123 5634 7064 3575 6049 3543 
271 107 7113 5467 1494 8003 8101 6725 6793 2913 7419 
272 5886 5621 5750 3473 7442 9621 4273 4158 1932 178 4378 183 9842 
273 5708 5765 6203 7915 3534 9998 293 1674 4347 56 8439 
274 3378 9264 9707 1616 7196 7364 5276 2137 8163 6147 8060 8499 6369 4035 
275 2308 5509 5151 322 6936 5210 3951 2765 5140 8893 3942 2264 7997 
276 2836 1468 7963 6322 9423 8200 4665 1847 4156 9032 1779 8068 4352 
277 2035 8967 118 1853 657 4519 8381 4511 1879 413 625 
278 3196 9110 7695 484 9112 5696 6268 1159 5365 1929 7207 6054 
279 4224 3311 8861 4306 52 1942 5426 8469 1611 5416 842 7720 9301 1343 3022 
280 1199 5950 6406 7470 4450 1610 3589 5663 5252 9517 2626 6071 2183 2327 8994 
281 1394 5506 5500 3221 7235 4327 9675 968 5060 9727 9603 9244 
282 1218 2969 4743 9082 134 5526 1785 5183 6072 9177 1154 3586 374 5762 
283 831 6224 1702 9092 4575 1349 866 8882 292 7907 2513 3043 
284 8707 4161 3045 2398 9183 9665 9442 9606 7171 7780 3312 3783 
285 3412 3532 3511 2061 14 2455 9963 1020 2992 7136 6424 8183 
286 9179 629 7550 9462 3907 22 2104 1860 5952 3804 1162 2915 3666 
287 9906 5763 4576 3368 2453 4560 5222 1576 9207 
288 1449 9743 6106 6012 8856 2001 6151 5120 3457 2335 2202 6666 3577 2983 5507 
289 6032 7469 3090 927 7270 4650 6215 3941 7797 4705 246 9968 
290 7129 1666 1461 1194 9510 7122 6145 9296 1682 7903 3225 648 2537 5885 647 
291 3440 636 8939 4323 4119 7302 10 2547 99 511 4624 7517 
292 2201 5271 601 6928 9846 597 1369 1676 3985 520 8931 7714 247 9898 
293 6495 8543 4247 3215 8602 6453 7435 5534 9772 5150 8795 7232 5304 9551 3708 6387 5003 8812 6258 
294 4564 6112 1996 4144 8787 8505 9927 1202 288 1442 7932 2699 
295 2919 5409 1128 3600 4481 2493 188 6961 5572 1635 3270 984 6067 8212 
296 6841 7160 2559 1485 5991 708 9307 7976 8143 6437 7413 
297 1431 2099 6562 5012 3268 4111 3700 4121 9783 1263 9780 2064 
298 1291 2253 9250 4551 3998 9668 7700 3538 338 9137 5925 8470 
299 113 1187 9590 7395 5068 1520 2471 7030 1854 2867 
300 6294 9338 9063 2284 9363 4409 5928 8550 7993 7696 3871 5483 
301 9919 5600 5957 7718 8897 7980 5730 8549 2703 5006 5483 76 3032 
302 7826 8063 3770 1617 6677 5755 9769 6814 345 6151 1555 7782 
303 7685 4820 1002 5772 9770 9619 6726 6433 696 8686 4572 8723 9580 1058 
304 5520 9211 1762 794 1118 5769 3661 8510 5877 5384 151 3856 3302 732 2109 3823 1546 3982 447 
305 9558 6158 7338 864 6203 2185 366 1727 4283 3697 4060 1287 199 
306 8473 9438 6818 4611 9153 7299 5398 7677 7482 7496 5857 7413 
307 9271 9986 9162 630 7359 3556 9070 2534 8614 7493 8081 5211 1728 
308 4380 2359 6466 3147 471 1748 3696 7617 9209 8014 8220 
309 6794 3011 744 43 6708 882 6572 8653 2444 4836 9138 7997 
310 2314 7825 4947 4654 6896 7869 8544 746 5992 
311 7437 2429 4074 3921 7132 5765 1220 6271 2627 1638 7791 6021 
312 6392 9388 1737 8556 9315 4972 1055 5766 4566 9614 6110 4557 
313 8957 2823 498 1342 3786 1448 9882 1217 921 1110 5156 
314 5299 5001 4513 894 9644 6382 8806 8918 1498 7429 
315 6540 5651 9386 1512 7627 7220 2434 8143 8146 7848 9460 3079 3251 467 8649 9224 8005 
316 2593 4718 2610 7295 8509 3027 9021 4845 759 4815 7811 925 
317 8761 7779 3574 5119 2625 7045 8358 3367 2170 6089 1633 2321 221 2155 
318 2202 2070 4038 2472 6602 2935 8421 2984 6681 1305 8908 9178 3584 5880 
319 7736 88 676 9634 9204 1037 8852 9019 2588 1924 4418 358 9241 3203 1134 4527 
320 4747 804 7781 751 5367 3829 9735 8554 3085 8724 7507 3865 2857 6360 
321 5496 7819 9090 7074 5903 7269 905 2674 2844 2885 1560 9930 7652 
322 5666 4191 8523 1989 8602 1573 2525 5259 9378 34 3354 
323 9399 3455 5778 6769 8603 2330 370 4886 7659 7296 3586 
324 3349 7798 265 8625 133 4821 7689 4217 3237 2159 7459 
325 5350 6434 3403 6241 287 2390 5588 5387 8041 9302 757 5897 128 1658 1498 9822 2155 
326 8052 9074 6504 294 3421 7172 9823 8365 41 3379 8690 
327 9747 9844 9236 3884 1113 7401 5587 9396 4138 9148 8507 5775 
328 26 6510 9502 4030 4902 8083 4364 1190 535 
329 3194 9445 4868 5128 4924 505 7873 5561 7622 5494 5099 3521 2962 
330 2332 1132 8999 1061 1441 4473 4198 2163 1987 6773 6266 249 4045 
331 8476 4659 1764 6469 4229 1178 8810 3279 4092 8279 3762 6200 991 205 5962 
332 2587 6661 386 5186 8642 4424 8447 1441 1470 1009 8130 8495 
333 2925 3512 7476 9386 7190 7532 7523 7730 4043 8130 2685 7240 
334 8979 6900 8667 795 8913 6807 2120 2638 2905 7392 5307 
335 3451 6742 9066 921 4592 7351 4751 4196 455 593 7026 9132 2128 2986 
336 8645 502 5516 3563 4139 1087 9531 71 3476 300 1956 7762 
337 7450 7271 2494 6706 6140 312 9569 1366 5685 5234 3238 7254 6547 
338 6976 8019 1988 4649 5382 5977 6328 4491 3709 8102 7356 8307 2340 
339 330 9541 8509 5654 9945 4851 6154 5426 5302 6934 4389 6941 9219 
340 9728 2069 9916 1851 645 4041 4966 4254 5094 8371 2158 4341 1134 2288 
341 3124 6425 7203 2501 4102 7859 2451 4478 3995 2167 4962 4311 
342 4538 1801 3557 539 8302 3000 7508 8157 7322 9593 8169 8150 7285 2643 
343 5055 421 6878 1437 1636 3123 944 2635 1344 1950 7949 3885 
344 7885 6713 3573 4901 6641 5639 476 9598 1231 5898 8467 3490 3536 5248 3513 5964 5186 3758 3521 6482 6327 
345 4900 8352 3691 3436 2187 2043 5464 8317 6652 8981 1246 3020 6897 2704 
346 5429 1000 8260 6524 682 8479 4048 9082 7749 8756 1571 4717 3106 1299 
347 4452 8547 9949 5536 8159 5041 4570 2135 6616 7333 8528 3936 
348 5789 4872 2989 5104 2223 3824 7589 7071 4466 2319 1491 
349 6440 6234 2559 2957 9400 3021 8440 9002 8743 8817 9041 4504 7699 5340 
350 7022 8001 6506 6636 1667 5756 77 7638 6294 1761 2604 477 6360 5340 
351 1740 513 3745 4612 5839 5743 6227 8671 4214 602 6245 3795 141 1140 9481 6168 5033 6101 9968 5880 6327 1580 3836 427 
352 4553 372 6448 6683 7146 6709 3852 5361 6286 2191 1838 9697 9465 
353 2987 828 6467 8837 3277 4737 9403 3630 4345 9689 4366 4122 1281 8978 6226 3380 250 4400 
354 7884 1558 4333 9566 3766 5010 5624 1807 9873 446 7965 4317 6021 
355 7807 490 4044 9310 9509 9592 6121 7066 7059 2733 4230 1984 
356 3448 9883 5436 4993 2854 9054 4935 9274 524 4505 4959 7087 668 412 1496 9199 5412 
357 8779 7073 9519 7571 4832 5288 4389 8684 4087 4926 2150 6343 6998 9414 1252 4923 6635 
358 616 8951 2307 9759 96 8096 1741 4185 3948 3933 2458 2239 9607 3836 
359 5539 9152 7351 7262 3274 4735 2461 3104 2589 7060 9704 8354 2070 4180 2790 7413 
360 6601 4986 7444 8595 5668 9740 2008 8323 2526 6298 8289 6092 8176 971 1984 
361 4589 7494 5900 4658 7755 4355 131 5005 8023 6247 4391 5288 2760 8062 
362 2068 4376 479 4444 7275 5874 939 316 8319 3835 8711 
363 9868 7926 7805 8196 3737 2189 1482 7959 4070 2820 3470 7665 4168 5097 
364 2610 2299 3547 8066 4977 4430 4327 7216 2724 1886 801 5654 6772 259 
365 2978 955 8433 3237 7998 2849 6755 7069 5815 6075 1606 1038 2039 9683 7874 8431 
366 6346 2451 1804 9195 8466 6740 1412 6217 8876 6306 3240 6258 
367 5135 2381 7573 4121 2815 2940 9583 9157 18 761 3602 
368 3034 9614 2463 5682 9855 8785 724 3428 6410 6115 447 
369 7716 8407 187 5779 5117 5147 5635 6283 4897 8202 4752 
370 5076 6974 3154 7021 9564 8774 3864 1378 6478 4891 5029 
371 3475 8243 1244 8018 3943 4471 2913 7901 3100 1345 3395 9848 
372 2815 3385 4830 6743 6510 1034 6164 3271 7065 6428 1121 
373 6975 3327 9691 2025 6371 9248 1767 5173 3968 1040 272 5500 
374 4766 337 9083 9838 9341 7590 7950 2873 257 1386 6541 3759 6915 560 6178 6305 5758 5111 9075 
375 888 3290 1300 9515 3447 6393 750 4566 1570 2658 8668 4117 5099 352 
376 7632 6186 9547 812 5408 6553 756 7890 5389 1494 7837 9586 1238 
377 5353 1435 3449 8419 4157 5590 4795 5469 2030 8470 
378 965 6015 7083 5733 6188 3782 8862 741 4370 5148 
379 8392 1737 5492 6443 8552 1200 7276 4465 6442 2835 9758 2904 2113 8188 
380 9223 5631 8247 4253 3835 5934 7117 5168 3505 4437 823 6894 7750 8831 3103 
381 7648 9964 769 4058 1730 4051 1017 7565 4938 75 6478 7615 8794 8005 
382 3470 4625 1384 9632 7411 8030 8974 106 9769 5184 357 6067 9374 
383 835 7927 6210 3190 8315 3325 4895 2029 2567 8269 9742 569 5064 
384 2118 7563 5928 154 5235 8538 4695 4456 3869 5923 3983 111 4730 2052 3830 
385 4838 474 9909 1306 1975 664 5179 7022 4096 325 2340 
386 627 9393 2551 3044 4703 5234 5547 1398 2999 3702 2367 2518 
387 902 3332 5646 1925 9039 1843 5819 654 9098 921 7120 6938 
388 9765 4521 236 2515 7650 4917 8926 6273 8973 7167 6538 1299 2240 9533 
389 7824 2303 4663 5109 3431 778 4633 6166 4911 5086 1328 2288 
390 7606 9031 5467 8657 4706 714 6052 4931 5495 6789 7363 3533 5460 1831 8125 
391 8136 5693 3460 1529 2670 7174 8164 8595 96 1447 6523 450 625 9007 
392 7342 4534 4722 7952 4486 9682 4578 7657 2267 631 9942 6539 7553 7296 
393 8916 1047 9475 2785 4406 7227 1732 214 4626 1670 979 2 
394 6648 3616 5346 5159 7058 6664 5237 3798 5922 4866 1071 1050 8858 7267 5677 
395 6384 2667 7889 5278 6956 9635 6390 3743 4265 660 1398 6417 2909 6737 3111 3584 321 9903 
396 6859 7745 3619 8866 7288 6576 7036 846 7485 5389 1397 1901 6566 7120 
397 4339 3445 5558 2049 4953 9736 645 9439 2827 3681 9669 
398 7537 8098 2388 8895 8370 4537 3608 6354 4642 1445 4677 4134 2327 6030 
399 50 3735 5091 7011 5942 2912 44 8600 8899 1510 5104 4873 494 3004 
400 1687 2115 9491 3963 4858 85 3059 3658 7633 3969 9598 2958 447 
401 8020 9275 1805 8949 7921 577 3516 4740 2706 3458 1020 5503 7997 
402 6646 8786 4490 5676 9414 489 9353 4625 7621 3909 7557 5738 1364 707 
403 6091 713 6917 3736 7376 4889 580 4608 2608 7634 7545 
404 8024 4172 7986 5232 9831 2795 1685 1669 6505 9559 7156 1557 7791 4824 4855 
405 6004 7388 5675 5022 6143 1138 6811 1225 7177 7029 857 1734 6534 6021 
406 5144 9839 7155 9000 2886 181 2952 5130 2322 9013 
407 2086 5089 8042 6451 7030 6362 4862 4440 4761 1905 3081 6584 4199 
408 5659 3917 9655 9768 379 4203 8199 3065 4147 6579 2810 1680 2404 7790 8248 395 2155 3877 
409 4032 3262 4867 1565 8063 4988 6003 8224 7743 4954 7806 8722 
410 3986 4650 9258 8086 9943 1795 2557 8287 5545 5796 7379 8005 
411 4082 1277 4580 1400 1608 2528 5085 4111 5573 7211 7888 6153 5643 6547 5880 
412 5285 1168 3926 1648 1519 5216 9945 8992 826 6802 469 1784 
413 4806 6436 8825 9402 9359 2634 9974 4889 7410 7200 9968 
414 415 5623 253 5126 4930 6730 3224 2048 3897 946 4105 2623 7085 
415 628 3802 5372 8703 2262 4313 7875 2051 9287 2954 5280 6962 412 7949 
416 9342 8113 8824 6526 5232 4275 8787 7728 7493 2369 461 3098 2485 1731 9007 
417 3068 1003 5781 9481 4452 8672 9410 7841 9818 7054 7434 1956 9244 
418 1152 5090 3173 5562 3212 1255 2361 3013 3524 6212 7259 7434 2673 1123 2022 1356 3830 
419 1288 1392 5692 1906 6981 4648 8527 5982 3821 3006 5962 
420 7100 6508 5698 4827 5050 9948 9699 2040 8519 4859 3064 8134 
421 897 7298 6396 3551 298 2034 7983 7720 4354 9290 5006 6404 
422 7697 2408 226 6506 3181 6388 7836 6278 3597 
423 6394 9366 4790 424 3664 7264 6037 4880 9850 4260 569 
424 4307 6279 1186 497 9528 1314 3365 9168 9256 2446 4089 4358 7151 1216 1752 7883 
425 7841 2586 6039 4014 1032 2553 2133 7715 3776 1057 232 8896 148 
426 7448 1212 8532 5091 308 3228 8827 6383 5084 2645 5785 7485 8832 2666 7266 7153 7762 
427 4328 4635 63 2123 8363 8804 5617 4522 2458 7484 7992 574 9686 1083 7968 
428 4128 727 231 6521 9542 6919 6066 6055 6844 4997 7643 
429 9914 3768 8372 902 4535 5555 4277 9084 5984 9464 3023 7709 8387 6613 
430 4439 2144 2267 6531 7784 2145 3504 6402 5620 2745 3180 
431 6969 2622 3965 4928 9319 6056 3777 6670 2624 275 5735 6244 652 7542 4234 
432 9606 7810 7923 6002 5052 4556 3859 9418 5417 3207 1931 9230 
433 9737 8373 2487 7577 6035 8572 1677 2671 9582 774 2842 7902 2393 4985 2013 3032 5762 2962 
434 7430 3739 2078 444 333 210 2338 6447 2870 7078 5846 9291 5351 9461 9301 8005 
435 1054 3185 4408 7996 9459 7319 7471 4213 1066 979 
436 9149 7003 7368 646 2027 6176 3437 3422 9816 5799 6254 9398 9564 9265 
437 2172 5818 1365 1586 7214 1834 3657 8028 4424 336 4621 6825 7454 5492 4985 
438 9656 2755 8730 1469 6374 1464 7031 8426 4050 6346 4805 7922 6161 3074 
439 814 1490 2586 9056 4490 9814 4153 9702 1339 6712 
440 7859 4777 9763 9300 2020 1479 608 4005 7741 6260 5239 1299 
441 8318 1549 899 4623 8415 3968 6430 8362 4647 8105 
442 8292 8187 3246 6574 1716 3503 4898 9623 4822 1452 4423 
443 4459 1898 4502 9809 6289 3977 2143 4847 8316 4716 5189 5742 3453 7586 4798 1745 3783 9244 8284 2555 
444 7876 9675 5694 3668 611 4144 274 5539 8462 1105 7713 5341 5715 
445 7152 8779 3774 2021 6363 7839 884 649 6702 865 5860 
446 9280 9647 192 377 590 8538 4290 7369 2368 7975 8267 7438 9075 5869 8491 
447 5534 3794 1075 78 7447 731 8444 9954 7591 2713 8402 4731 6986 3982 7997 
448 2207 7465 8846 3215 3278 5999 4162 8272 9355 7942 3468 4340 3830 
449 5624 120 8237 2780 1332 9619 285 5362 7036 1724 1024 960 183 
450 8547 1753 8460 4927 9214 6979 1340 2505 2771 8865 755 6545 
451 5482 6843 9764 3414 3129 5604 3557 7330 5584 6116 3975 7372 407 4951 1515 207 7880 
452 8553 3483 1689 2268 3411 8240 7596 7363 1081 2263 5788 
453 8216 4446 3627 9825 1229 5370 4163 8047 552 454 
454 7035 8322 4936 5273 9932 4281 5622 9799 3932 9858 6550 
455 6593 8397 806 8390 3970 229 1824 195 3 1454 
456 8834 5116 7040 380 3489 2896 987 6336 7719 8966 1962 3346 7551 1705 6630 8284 
457 5174 8705 8400 1120 9867 2265 3204 4936 5072 3216 2697 2598 2662 4176 
458 1652 3605 2126 9648 1215 8928 4744 8782 2677 1765 8140 9930 
459 222 6240 2896 2787 4318 4066 3725 9142 9398 9216 935 5326 
460 928 1938 6477 3838 9892 8232 7681 5215 7531 4571 6884 6429 5251 8462 
461 4748 363 1548 1197 5872 5218 6289 8586 9851 7326 3590 412 
462 31 7800 8839 9221 5932 2306 6207 630 441 6139 238 
463 6588 8778 3001 3498 8854 5146 4200 9470 8422 4521 4799 2365 1153 321 
464 95 614 2695 7020 2166 2483 1194 4285 3189 4011 2121 
465 242 2981 6065 6918 1269 9923 4506 6747 3891 7023 6696 3537 9129 6258 6692 
466 2405 1991 4916 6605 1703 1347 9632 8090 8771 5689 5520 5860 
467 6873 4375 2720 7314 7787 6885 4724 5141 5652 5350 8806 7511 1984 745 
468 2154 3224 5616 4914 8382 1849 4315 1609 9600 
469 6358 3761 4124 3357 8710 5936 2539 4407 854 9123 1153 753 
470 1326 582 323 6138 5861 1233 849 7856 3972 8838 8711 
471 5360 5423 1718 115 9926 201 342 4396 1493 8058 4108 
472 8472 3235 2444 7131 8278 3399 3471 3590 1838 3749 9669 4901 
473 8357 7112 8822 1634 4892 6645 4549 2882 182 1091 6622 5177 6170 5752 9852 
474 4793 1048 2706 2761 8268 7119 4476 5408 4783 5613 8898 5333 9071 
475 5776 9434 578 152 4181 7008 7377 8868 6130 9281 4494 6889 
476 9981 9596 3359 8608 8744 6536 2567 917 1287 
477 2872 2141 1044 3540 666 8578 9653 7459 6779 5325 9151 3326 5850 2256 8008 2349 
478 8903 4859 9500 2347 8422 1015 3716 955 3370 7933 4180 
479 1000 7574 6678 5429 7098 5450 7513 1245 215 9923 5185 2858 
480 3971 5961 1107 7224 2301 1396 8330 4715 501 1964 3210 1942 3012 
481 6395 3366 7960 7676 6578 1062 7707 1181 5947 3415 3284 
482 3544 3956 5561 6252 357 4118 4278 9165 5826 9224 
483 6072 6329 734 3550 131 8141 2529 2127 5247 8545 617 834 5401 6467 
484 7535 3467 3985 5244 5275 3389 5274 733 1541 7105 84 
485 1787 2971 1914 7287 6459 3900 694 7245 125 6301 850 7296 
486 6457 3620 906 7582 8050 8275 3732 4586 276 5071 5901 7782 9465 
487 8296 6103 8559 9307 5945 2797 5597 9861 8720 9089 4684 1563 4326 
488 3019 2713 7004 3227 7696 7989 980 3352 5323 3596 2385 4686 5212 6014 6168 254 2892 
489 1760 3729 3274 1920 6628 3767 5119 413 9181 8310 3267 8618 2264 8043 5219 
490 9966 5428 4529 5154 6324 4562 4829 3008 6213 9761 6347 1925 5798 7517 4035 
491 4083 2850 2730 3322 5432 1654 2808 9702 924 5143 652 6101 
492 396 9130 2392 483 4649 8011 7536 8099 4366 4834 3509 
493 563 2010 486 3920 6499 3459 709 856 5544 4269 8525 8989 1868 
494 3763 7703 4850 1268 3688 4523 9571 7208 2112 6631 7864 
495 5184 2152 8784 9079 3298 5092 5461 5998 1582 3726 4972 252 
496 7134 2981 5649 3672 6444 1881 7755 1937 5024 1841 9354 2791 7762 6534 7883 
497 6455 7342 748 5971 4688 8480 4416 9622 8239 1330 9348 6922 5821 7120 
498 6501 1325 2426 3005 442 8792 6222 1907 1262 7464 9841 155 5645 183 
499 8454 9849 5674 4707 2469 3788 2271 2285 5870 4349 2918 2651 
