100
0 6779 6614 2498 1 2482 1208 242 5246 281 774 49 93 116 186 3511 3 91 0 4048 
1 248 502 633 33 194 3164 25 237 755 760 18 296 6949 215 209 405 2262 463 379 11 946 1190 70 1384 138 
2 2458 2456 287 2415 49 916 2062 12 7473 5797 59 1699 48 1932 52 40 2961 26 106 804 221 54 422 4858 8 797 2264 1502 1737 
3 799 945 50 4630 323 205 12 546 419 67 46 4809 174 582 3659 293 43 5368 5 2191 1765 128 56 
4 2098 7122 580 4 2897 488 2706 5774 963 2413 3946 3056 6074 18 3151 3175 790 2392 1895 470 32 1268 38 9 1679 
5 116 2498 113 4552 8767 953 1693 33 2151 93 0 5197 1889 5233 94 10 67 1014 41 1263 
6 169 470 581 3349 77 698 49 475 853 182 172 106 36 1841 173 129 5519 730 4270 147 51 191 529 8704 6166 8402 2153 
7 6662 1576 49 819 848 3842 1681 5059 9843 32 129 154 1100 151 360 143 2083 898 3417 60 116 258 13 15 1315 1310 7624 
8 283 105 169 1588 2014 601 4674 412 1345 215 4316 3059 5620 768 2243 179 3632 1147 51 4 1290 
9 4240 412 3559 68 297 25 226 352 40 130 46 76 53 3384 47 656 2831 5371 5960 2157 52 29 138 
10 5170 94 4386 200 1 311 1367 2102 127 47 2496 405 682 934 7386 3252 381 326 7 2848 
11 724 2135 100 8512 465 76 302 234 1993 452 477 5689 1353 13 2 1375 22 1503 5215 170 1566 592 1108 21 236 
12 7182 322 202 213 0 790 12 2990 251 105 67 108 32 48 129 3813 143 4275 1481 2753 237 56 5381 3756 
13 33 124 2664 93 99 43 12 1948 7027 3535 352 1010 24 600 29 8086 281 128 645 95 52 8 
14 380 1015 186 51 220 46 481 68 338 170 1579 281 320 48 177 7367 3950 2107 1278 156 2 77 179 4848 
15 1053 3488 0 10 113 25 317 7181 4146 6025 7195 3915 259 173 858 150 2 6 3429 111 144 9203 21 7624 
16 278 50 5795 141 302 181 1748 24 223 1235 381 450 36 241 586 250 1185 3365 291 118 8486 270 8055 948 
17 759 1710 5782 34 1574 3 3123 581 435 5865 6797 418 64 1051 4278 9306 66 9660 1185 20 6049 
18 94 169 99 796 1 39 452 34 25 506 701 7084 77 3272 533 43 50 2128 4160 13 554 138 
19 347 381 169 3861 633 0 7049 188 2564 826 419 1018 904 4918 3699 2233 67 113 1145 13 138 
20 9798 336 1698 1886 5502 3808 49 10 676 4654 7748 1919 94 3535 6210 618 75 379 406 120 
21 174 5604 1865 50 4001 6980 567 275 465 422 724 55 136 87 2479 1345 311 1421 2199 172 5446 976 5 597 152 3684 4247 
22 59 1 514 4117 430 68 10 94 3009 174 3 47 133 89 354 0 242 209 24 9517 
23 3324 1 4477 1677 606 1402 292 1042 237 947 4162 101 875 244 5834 269 18 293 358 233 4482 673 58 
24 799 1075 1 2051 889 950 34 292 39 5161 91 1406 6348 283 10 7395 50 179 635 
25 463 588 241 10 514 1 202 127 1637 109 113 571 226 1261 2737 0 380 3717 249 1482 2264 
26 0 91 136 399 591 213 2904 40 4630 1598 60 2052 42 5492 127 181 16 810 30 9359 15 409 4448 657 2297 103 6258 187 
27 1 295 9085 3 47 916 6555 71 77 9262 68 3055 2928 3932 34 12 286 492 32 368 19 1495 
28 1 1663 59 67 932 91 338 130 960 222 2968 791 2882 32 318 8729 165 2414 264 1142 218 7040 15 1917 708 
29 4752 2096 1 276 2247 846 3528 76 2751 1116 215 1811 214 3009 1908 418 3070 128 6031 38 554 
30 5792 2522 9295 2014 5417 565 3536 150 47 5403 31 6716 7417 29 431 723 94 142 4930 3178 2 
31 105 3 0 5165 9607 71 40 4 774 143 364 6329 1337 551 401 2696 842 447 1362 122 54 22 81 2611 1334 900 
32 10 239 645 225 18 4271 1724 173 801 622 16 7971 189 4850 743 414 192 181 9862 170 1886 399 860 7590 5909 7 3849 
33 4120 1685 6697 124 1658 311 6580 7133 128 1216 47 354 5294 31 297 222 724 328 4 3119 708 3097 
34 514 2096 322 0 3 127 34 33 3949 591 1147 25 1620 141 491 4 340 53 49 32 594 2955 
35 953 186 419 1653 29 295 6012 2239 350 81 200 53 1642 502 76 431 413 344 1538 246 478 52 1959 
36 39 99 328 33 9556 772 276 105 412 1515 3 2408 714 5140 124 71 202 153 561 2591 
37 246 1866 66 31 5222 706 490 153 100 4244 4708 1035 191 167 185 349 323 5617 350 18 109 17 362 30 4371 968 1737 
38 248 75 562 1288 31 170 150 13 1882 607 2738 5803 1370 1358 7924 4264 2219 7372 234 5383 557 232 489 715 353 14 69 
39 3 10 192 33 130 1849 8444 872 546 5901 4 1197 337 66 26 51 59 287 1082 678 2222 583 4768 
40 1 68 559 239 182 4928 521 4 67 306 846 308 13 124 700 95 167 90 106 1192 130 875 117 1583 
41 116 3784 248 2883 136 2795 323 94 349 298 142 137 209 540 3661 619 4922 9522 45 471 218 46 790 444 372 3198 
42 39 1514 491 34 2415 405 0 7606 9561 328 283 43 490 214 2344 1039 141 412 76 516 968 138 
43 2473 347 6820 2195 46 10 246 772 111 93 124 336 6229 4838 7797 472 5855 846 20 2218 281 
44 202 2951 1213 43 6044 1672 109 798 347 1051 133 46 4638 380 128 1246 696 2565 3604 3849 
45 576 77 133 51 6424 493 1246 1150 2078 208 582 322 1216 2551 1788 402 156 6 64 2329 83 7062 24 117 708 
46 407 1474 248 2665 0 105 573 111 1066 338 892 165 438 4331 40 9770 75 8088 66 350 114 1671 
47 39 25 1582 433 6629 1515 891 46 323 5161 133 47 1863 71 31 111 5196 2436 1424 908 13 21 
48 124 2863 366 39 248 33 6336 1 10 5547 34 2988 99 4362 3 6038 0 315 300 4799 
49 483 529 1752 128 49 471 1767 1782 259 1363 492 68 12 42 24 272 2516 1150 26 4207 433 235 2591 1671 3097 
50 2469 1 124 1233 2184 12 51 50 4659 2542 64 2399 9952 5597 4761 8932 24 29 26 1176 85 19 
51 4847 33 200 1 213 788 124 1848 10 93 0 34 1982 202 3 246 5230 64 8783 2818 
52 381 248 2165 5625 6171 753 174 202 10 724 105 0 33 2720 3761 418 676 883 2 126 2818 
53 12 3828 328 6423 108 314 1552 313 39 75 428 415 159 81 1758 5 1056 1259 41 265 3038 55 3016 377 2315 1021 216 2433 138 
54 127 153 67 33 9357 360 350 182 77 4511 202 721 4757 2195 354 541 4 2643 200 180 4632 
55 1865 209 337 8766 2254 412 1459 232 272 220 258 8162 980 283 4657 2 26 374 52 60 4955 861 167 55 3458 5921 1502 
56 3548 816 4362 1709 3 916 456 165 4 506 3632 1214 807 87 40 6 1097 195 1641 98 8679 90 1136 5429 485 
57 1815 8586 1165 5688 34 1595 3 1991 254 214 179 3017 205 104 530 362 1211 227 296 118 60 154 28 
58 936 1866 437 174 4685 1700 93 89 1545 101 3987 43 94 4788 460 479 688 134 1902 9894 
59 93 6408 124 2479 579 75 64 605 0 323 1071 3 6036 111 174 1264 3962 7805 31 6238 554 
60 99 217 59 758 293 43 676 912 338 67 311 105 31 10 1449 75 808 111 232 1393 6729 138 
61 9566 1837 39 43 1044 213 64 31 50 24 101 6338 1755 779 629 374 1156 41 6677 5431 699 321 367 63 9517 
62 796 527 47 50 59 539 292 1880 230 156 3040 363 160 695 7396 83 5979 3668 770 45 80 143 1123 211 1310 
63 68 1 99 64 360 42 222 553 257 1314 1239 1991 1147 759 903 20 73 86 4361 579 60 217 3252 3676 583 900 1290 
64 1 67 1866 48 116 475 29 1037 17 689 2507 1035 8009 1509 2343 826 533 52 23 1416 435 168 3775 2859 161 1434 1495 
65 514 200 76 129 3541 173 26 36 24 160 589 4549 258 174 1074 2038 190 3689 113 8055 5564 17 53 890 1263 
66 276 3989 10 59 1105 1318 1438 26 851 53 796 1407 607 462 502 40 6558 457 218 192 2055 325 138 
67 8428 59 217 6205 43 818 779 33 209 29 740 2460 652 257 239 260 941 86 546 402 1461 503 120 2060 
68 2611 251 4 798 324 180 412 134 664 327 171 551 54 32 357 2094 162 898 425 225 73 244 6156 84 286 254 219 210 8 1502 
69 276 8004 99 94 7231 2551 141 1499 153 109 317 3 43 124 588 4428 283 101 873 6165 
70 1 456 0 33 1706 4674 91 4 688 351 81 4241 230 448 2388 2881 1626 666 2660 1034 55 5064 35 1162 14 1572 2780 
71 906 25 2078 130 10 101 179 108 302 89 1123 209 304 590 1456 83 2360 125 38 3843 21 144 8948 70 210 351 971 256 3478 
72 43 3 1889 505 26 47 5376 6094 174 856 2306 8629 98 1333 79 66 1397 397 446 71 34 4560 3317 1443 243 3102 
73 3528 1866 380 5479 239 753 2211 4680 127 213 4341 1208 67 311 141 1175 575 3449 1232 
74 6696 169 93 242 3660 39 2078 113 234 34 1906 433 43 163 688 774 1026 610 76 6450 155 2848 
75 165 8444 4032 66 142 98 1054 1266 41 4682 445 976 4009 392 225 23 194 48 45 116 3811 3444 2840 752 856 2463 2992 585 1958 3097 138 3244 
76 39 94 43 556 10 1 683 437 7102 34 153 128 241 108 1342 4422 3 47 21 8095 869 
77 433 1071 217 33 2398 75 1130 6357 276 222 76 1373 237 127 124 4716 1366 405 8466 554 
78 5120 77 4319 1642 3209 1828 4620 251 186 230 6952 1271 6 17 866 885 286 90 42 6036 45 54 307 2793 35 1413 
79 33 169 10 93 0 59 799 47 1201 505 89 130 8579 2408 351 71 64 25 472 592 28 968 
80 215 25 75 553 53 2247 111 266 2373 2634 721 1909 3414 2119 2221 3790 11 1442 1712 38 2836 5 738 17 97 3710 69 1173 
81 217 43 33 85 8103 420 1882 262 6149 1140 488 3815 1432 4299 368 17 460 5207 757 53 93 282 830 148 
82 418 10 64 9471 2156 435 492 314 582 128 109 9872 51 200 4325 3893 247 1963 25 1886 8875 9584 
83 1511 2014 1824 378 7591 6748 51 208 2059 6 83 2609 2219 7653 20 5724 150 9678 2545 988 259 844 77 44 162 268 3975 3244 
84 10 412 1624 6130 418 251 838 463 4146 154 108 2664 106 3140 39 188 5161 2540 4380 1085 28 1482 3097 
85 174 113 3 101 39 1909 9609 49 8387 2024 48 9442 525 143 472 34 66 475 514 163 340 2973 
86 2987 1318 9041 2051 3354 260 281 3 77 75 4793 220 100 673 378 39 12 553 2210 636 1310 
87 768 34 6064 26 2805 29 2 6229 6 17 1073 97 3313 255 8131 6834 298 689 92 16 159 30 1939 227 3926 235 137 848 9574 119 176 
88 248 127 76 209 26 1503 601 6226 165 2745 42 470 49 1570 405 190 672 3761 2423 216 3400 154 60 9593 3244 
89 682 1 1459 127 912 837 2221 34 5520 1975 2527 68 3340 66 4 50 1255 3894 498 418 
90 108 1165 3560 3 3236 297 1909 2581 1504 94 1842 1074 8991 51 124 4 8973 3020 116 23 8450 
91 202 33 59 7135 113 133 352 93 322 46 6176 1567 48 1857 4 31 8585 1595 104 246 7 859 
92 141 399 1062 506 24 100 7764 507 18 648 6284 6412 251 314 9906 8516 3330 15 6702 1178 3324 416 5422 327 32 112 1263 
93 2568 0 1156 4 67 109 6480 3648 7316 200 48 740 122 2 1087 845 36 16 160 3257 9705 1686 20 5388 11 2491 138 3110 1290 
94 1741 34 463 7956 29 12 2913 31 527 180 544 975 667 68 13 808 1990 25 502 557 194 144 268 554 
95 562 10 222 50 8401 192 1956 85 12 105 558 8518 188 1623 7287 1264 49 3362 2022 54 109 4238 3654 
96 437 780 1461 1389 571 723 772 68 143 109 6438 29 8692 9019 281 6043 4560 26 43 5620 84 968 138 7055 
97 169 5731 278 64 772 205 528 29 194 6847 241 6044 766 51 359 586 6955 3753 31 34 7481 
98 1636 6546 1658 43 556 1 1672 39 347 1545 7243 7723 7507 1740 10 174 649 42 797 
99 1 68 2195 1377 278 9493 1635 64 3893 4146 2894 565 130 862 308 144 106 1843 2 1257 5388 319 568 131 2153 
